<?xml version="1.0" encoding="UTF-8"?>
<!-- Generated by org.testng.reporters.JUnitXMLReporter -->
<testsuite hostname="DESKTOP-NCJM12M" ignored="1" name="Test)" tests="2" failures="0" timestamp="07 Jun 2019 00:46:55 GMT" time="9.465" errors="0">
  <testcase name="contactinfo" time="0.887" classname="com.class3.NewtoursExample"/>
  <testcase name="maılıngınfo" time="0.921" classname="com.class3.NewtoursExample"/>
  <testcase name="userInformation" time="0.0" classname="com.class3.NewtoursExample">
    <ignored/>
  </testcase> <!-- userInformation -->
</testsuite> <!-- Test) -->
