<?xml version="1.0" encoding="UTF-8"?>
<!-- Generated by org.testng.reporters.JUnitXMLReporter -->
<testsuite hostname="DESKTOP-NCJM12M" ignored="1" name="Recap_testNG" tests="3" failures="0" timestamp="05 Mar 2020 07:17:16 GMT" time="0.061" errors="0">
  <testcase name="test_3" time="0.005" classname="Recap.Dependency"/>
  <testcase name="test_4" time="0.003" classname="Recap.Dependency"/>
  <testcase name="test_1" time="0.002" classname="Recap.Dependency"/>
  <testcase name="test_2" time="0.0" classname="Recap.Dependency">
    <ignored/>
  </testcase> <!-- test_2 -->
</testsuite> <!-- Recap_testNG -->
