<?xml version="1.0" encoding="UTF-8"?>
<!-- Generated by org.testng.reporters.JUnitXMLReporter -->
<testsuite hostname="DESKTOP-NCJM12M" ignored="1" name="testNG_test" tests="2" failures="0" timestamp="05 Mar 2020 07:10:54 GMT" time="0.035" errors="0">
  <testcase name="test_2" time="0.006" classname="Recap.PriorityAndBeforeAfter"/>
  <testcase name="test_1" time="0.001" classname="Recap.PriorityAndBeforeAfter"/>
  <testcase name="test_3" time="0.0" classname="Recap.PriorityAndBeforeAfter">
    <ignored/>
  </testcase> <!-- test_3 -->
</testsuite> <!-- testNG_test -->
