<?xml version="1.0" encoding="UTF-8"?>
<!-- Generated by org.testng.reporters.JUnitXMLReporter -->
<testsuite hostname="DESKTOP-NCJM12M" ignored="2" name="groupTest" tests="2" failures="0" timestamp="05 Mar 2020 07:25:51 GMT" time="0.04" errors="0">
  <testcase name="Three" time="0.012" classname="com.class3.GroupsExample"/>
  <testcase name="one" time="0.001" classname="com.class3.GroupsExample"/>
  <testcase name="Two" time="0.0" classname="com.class3.GroupsExample">
    <ignored/>
  </testcase> <!-- Two -->
  <testcase name="Four" time="0.0" classname="com.class3.GroupsExample">
    <ignored/>
  </testcase> <!-- Four -->
</testsuite> <!-- groupTest -->
