<?xml version="1.0" encoding="UTF-8"?>
<!-- Generated by org.testng.reporters.JUnitXMLReporter -->
<testsuite hostname="Sumairs-MacBook-Pro.local" ignored="3" name="Smoke Test" tests="2" failures="1" timestamp="16 Jun 2019 19:01:31 GMT" time="10.298" errors="0">
  <testcase name="doLogin" time="2.22" classname="com.syntax.testcases.LoginPageTest">
    <failure type="java.lang.AssertionError" message="expected [true] but found [false]">
      <![CDATA[java.lang.AssertionError: expected [true] but found [false]
at com.syntax.testcases.LoginPageTest.doLogin(LoginPageTest.java:47)
... Removed 33 stack frames]]>
    </failure>
  </testcase> <!-- doLogin -->
  <testcase name="loginToOrangeHRM" time="2.326" classname="com.syntax.testcases.LoginPageTest"/>
  <testcase name="negativeLogin" time="0.0" classname="com.syntax.testcases.LoginPageTest">
    <ignored/>
  </testcase> <!-- negativeLogin -->
  <testcase name="@BeforeTest generateReport" time="0.0" classname="com.syntax.utils.BaseClass">
    <ignored/>
  </testcase> <!-- @BeforeTest generateReport -->
  <testcase name="@AfterTest flushReport" time="0.0" classname="com.syntax.utils.BaseClass">
    <ignored/>
  </testcase> <!-- @AfterTest flushReport -->
</testsuite> <!-- Smoke Test -->
