<?xml version="1.0" encoding="UTF-8"?>
<!-- Generated by org.testng.reporters.JUnitXMLReporter -->
<testsuite hostname="DESKTOP-NCJM12M" ignored="2" name="Saucedemo Test Case" tests="3" failures="0" timestamp="18 Mar 2020 07:17:47 GMT" time="27.565" errors="0">
  <testcase name="login" time="8.887" classname="Recap.Saucedemo"/>
  <testcase name="display" time="0.152" classname="Recap.Saucedemo"/>
  <testcase name="photo" time="0.718" classname="Recap.Saucedemo"/>
  <testcase name="add" time="0.0" classname="Recap.Saucedemo">
    <ignored/>
  </testcase> <!-- add -->
  <testcase name="getElement" time="0.0" classname="Recap.Saucedemo">
    <ignored/>
  </testcase> <!-- getElement -->
</testsuite> <!-- Saucedemo Test Case -->
