<?xml version="1.0" encoding="UTF-8"?>
<!-- Generated by org.testng.reporters.JUnitXMLReporter -->
<testsuite hostname="DESKTOP-NCJM12M" ignored="0" name="Test_TestNG" tests="5" failures="0" timestamp="16 Mar 2020 05:59:53 GMT" time="27.774" errors="0">
  <testcase name="login" time="7.223" classname="Recap.Saucedemo"/>
  <testcase name="display" time="0.108" classname="Recap.Saucedemo"/>
  <testcase name="add" time="2.17" classname="Recap.Saucedemo"/>
  <testcase name="getElement" time="0.148" classname="Recap.Saucedemo"/>
  <testcase name="photo" time="0.451" classname="Recap.Saucedemo"/>
</testsuite> <!-- Test_TestNG -->
